<?xml version="1.0" encoding="UTF-8"?>
<!-- Generated by org.testng.reporters.JUnitXMLReporter -->
<testsuite ignored="0" hostname="DESKTOP-D1JP042" failures="0" tests="18" name="Test" time="156.035" errors="0" timestamp="2023-10-27T00:20:07 EDT">
  <testcase classname="com.automation.bootcamp.TestCases.LoginTest" name="verifyLoginWithValidLoginCredentials" time="1.086"/>
  <testcase classname="com.automation.bootcamp.TestCases.LoginTest" name="verifyLoginWithValidLoginCredentials" time="1.111"/>
  <testcase classname="com.automation.bootcamp.TestCases.LoginTest" name="verifyLoginWithValidLoginCredentials" time="1.135"/>
  <testcase classname="com.automation.bootcamp.TestCases.LoginTest" name="verifyLoginWithValidLoginCredentials" time="1.121"/>
  <testcase classname="com.automation.bootcamp.TestCases.LoginTest" name="verifyLoginWithValidLoginCredentials" time="1.092"/>
  <testcase classname="com.automation.bootcamp.TestCases.LoginTest" name="verifyLoginWithValidLoginCredentials" time="1.131"/>
  <testcase classname="com.automation.bootcamp.TestCases.LoginTest" name="verifyLoginWithValidLoginCredentials" time="1.079"/>
  <testcase classname="com.automation.bootcamp.TestCases.LoginTest" name="verifyLoginWithValidEmailInvalidPassword" time="1.511"/>
  <testcase classname="com.automation.bootcamp.TestCases.LoginTest" name="verifyLoginWithInvalidEmailValidPassword" time="0.8"/>
  <testcase classname="com.automation.bootcamp.TestCases.LoginTest" name="verifyLoginWithInvalidCredentials" time="0.834"/>
  <testcase classname="com.automation.bootcamp.TestCases.LoginTest" name="verifyLoginWithNoCredentials" time="0.694"/>
  <testcase classname="com.automation.bootcamp.TestCases.SearchProductTest" name="verifySearchWithValidProduct" time="2.087"/>
  <testcase classname="com.automation.bootcamp.TestCases.SearchProductTest" name="verifySearchWithInalidProduct" time="1.282"/>
  <testcase classname="com.automation.bootcamp.TestCases.SearchProductTest" name="verifySearchWithNoProduct" time="1.312"/>
  <testcase classname="com.automation.bootcamp.TestCases.RegisterTest" name="verifyRegisterWithMandatoryDetails" time="1.508"/>
  <testcase classname="com.automation.bootcamp.TestCases.RegisterTest" name="verifyRegisterWithAllDetails" time="1.495"/>
  <testcase classname="com.automation.bootcamp.TestCases.RegisterTest" name="verifyRegisterWithExistingEmail" time="1.244"/>
  <testcase classname="com.automation.bootcamp.TestCases.RegisterTest" name="verifyRegisterWithNoDetails" time="0.716"/>
</testsuite> <!-- Test -->
