<?xml version="1.0" encoding="UTF-8"?>
<testng-results ignored="0" total="1" passed="1" failed="0" skipped="0">
  <reporter-output>
  </reporter-output>
  <suite started-at="2023-10-31T21:43:18 EDT" name="Default suite" finished-at="2023-10-31T21:43:31 EDT" duration-ms="12561">
    <groups>
    </groups>
    <test started-at="2023-10-31T21:43:18 EDT" name="Default test" finished-at="2023-10-31T21:43:31 EDT" duration-ms="12561">
      <class name="com.automation.bootcamp.TestCases.ProductInShoppingCartTest">
        <test-method is-config="true" signature="registerSetup()[pri:0, instance:com.automation.bootcamp.TestCases.ProductInShoppingCartTest@130c12b7]" started-at="2023-10-31T21:43:18 EDT" name="registerSetup" finished-at="2023-10-31T21:43:29 EDT" duration-ms="10943" status="PASS">
          <reporter-output>
          </reporter-output>
        </test-method> <!-- registerSetup -->
        <test-method signature="verifyProductDisplayOnShoppingCartPage()[pri:0, instance:com.automation.bootcamp.TestCases.ProductInShoppingCartTest@130c12b7]" started-at="2023-10-31T21:43:29 EDT" name="verifyProductDisplayOnShoppingCartPage" finished-at="2023-10-31T21:43:30 EDT" duration-ms="1007" status="PASS">
          <reporter-output>
          </reporter-output>
        </test-method> <!-- verifyProductDisplayOnShoppingCartPage -->
        <test-method is-config="true" signature="tearDown()[pri:0, instance:com.automation.bootcamp.TestCases.ProductInShoppingCartTest@130c12b7]" started-at="2023-10-31T21:43:30 EDT" name="tearDown" finished-at="2023-10-31T21:43:31 EDT" duration-ms="546" status="PASS">
          <reporter-output>
          </reporter-output>
        </test-method> <!-- tearDown -->
      </class> <!-- com.automation.bootcamp.TestCases.ProductInShoppingCartTest -->
    </test> <!-- Default test -->
  </suite> <!-- Default suite -->
</testng-results>
